[05/06/2021  11:36:24][admin][Acceso al sistema]
[05/06/2021  11:36:32][usuario][Acceso al sistema]
[05/06/2021  11:51:03][admin][Acceso al sistema]
[05/06/2021  11:51:05][admin][Consultando información de la aplicación]
[05/06/2021  11:51:09][admin][El usuario abandonó el sistema]
[05/06/2021  11:51:15][admin][Acceso al sistema]
[05/06/2021  11:51:17][admin][Consultando clientes]
[05/06/2021  11:51:59][admin][INSERT INTO clientes VALUES (null, 'Sis', 'SoS', '12385967P', '852147963', 'Alguna calle supongo')]
[05/06/2021  11:52:04][admin][El usuario abandonó el sistema]
[05/06/2021  11:58:08][usuario][Acceso al sistema]
[05/06/2021  11:58:11][usuario][El usuario abandonó el sistema]
[05/06/2021  11:58:16][admin][Acceso al sistema]
[05/06/2021  11:58:17][admin][El usuario abandonó el sistema]
[05/06/2021  12:02:44][admin][Acceso al sistema]
[05/06/2021  12:02:49][admin][El usuario abandonó el sistema]
[05/06/2021  14:23:15][admin][Acceso al sistema]
[05/06/2021  14:23:17][admin][Consultando clientes]
[05/06/2021  14:23:21][admin][PDF de clientes creado]
[05/06/2021  14:24:18][admin][El usuario abandonó el sistema]
[05/06/2021  14:25:16][admin][Acceso al sistema]
[05/06/2021  14:25:19][admin][Consultando clientes]
[05/06/2021  14:25:22][admin][PDF de clientes creado]
[05/06/2021  14:25:54][admin][El usuario abandonó el sistema]
[05/06/2021  14:26:27][admin][Acceso al sistema]
[05/06/2021  14:26:37][admin][Consultando clientes]
[05/06/2021  14:26:39][admin][PDF de clientes creado]
[05/06/2021  14:26:53][admin][El usuario abandonó el sistema]
[05/06/2021  14:27:10][admin][Acceso al sistema]
[05/06/2021  14:27:12][admin][Consultando clientes]
[05/06/2021  14:27:19][admin][El usuario abandonó el sistema]
[05/06/2021  14:35:07][admin][Acceso al sistema]
[05/06/2021  14:35:09][admin][Consultando empleados]
[05/06/2021  14:35:24][admin][El usuario abandonó el sistema]
[05/06/2021  14:36:58][admin][Acceso al sistema]
[05/06/2021  14:37:00][admin][Consultando empleados]
[05/06/2021  14:37:02][admin][PDF de empleados creado]
[05/06/2021  14:37:19][admin][El usuario abandonó el sistema]
[05/06/2021  14:49:34][admin][Acceso al sistema]
[05/06/2021  14:49:36][admin][Consultando contratos]
[05/06/2021  14:49:38][admin][PDF de contratos creado]
[05/06/2021  14:49:54][admin][El usuario abandonó el sistema]
